----------------------
kubla_kahn.txt
----------------------
In
In Xanadu
Xanadu did
Xanadu did KubIa
Xanadu did KubIa Khan
Xanadu did KubIa Khan A
Xanadu did KubIa Khan A stately
Xanadu did KubIa Khan A stately pleasure
Xanadu did KubIa Khan A stately pleasure dome
Xanadu did KubIa Khan A stately pleasure dome decree:
Xanadu did KubIa Khan A stately pleasure dome decree: Where
Xanadu did KubIa Khan A stately pleasure dome decree: Where Alph,
Xanadu did KubIa Khan A stately pleasure dome decree: Where Alph, the
Xanadu did KubIa Khan A stately pleasure dome decree: Where Alph, the sacred
dome decree: Where Alph, the sacred river,
decree: Where Alph, the sacred river, ran
decree: Where Alph, the sacred river, ran Through
Where Alph, the sacred river, ran Through caverns
Alph, the sacred river, ran Through caverns measureless
Alph, the sacred river, ran Through caverns measureless to
Alph, the sacred river, ran Through caverns measureless to man
the sacred river, ran Through caverns measureless to man Down
the sacred river, ran Through caverns measureless to man Down to
the sacred river, ran Through caverns measureless to man Down to a
sacred river, ran Through caverns measureless to man Down to a sunless
sacred river, ran Through caverns measureless to man Down to a sunless sea.
river, ran Through caverns measureless to man Down to a sunless sea. So
river, ran Through caverns measureless to man Down to a sunless sea. So twice
measureless to man Down to a sunless sea. So twice five
to man Down to a sunless sea. So twice five miles
to man Down to a sunless sea. So twice five miles of
man Down to a sunless sea. So twice five miles of fertile
Down to a sunless sea. So twice five miles of fertile ground
to a sunless sea. So twice five miles of fertile ground With
a sunless sea. So twice five miles of fertile ground With walls
sunless sea. So twice five miles of fertile ground With walls and
sea. So twice five miles of fertile ground With walls and towers
sea. So twice five miles of fertile ground With walls and towers were
So twice five miles of fertile ground With walls and towers were girdled
twice five miles of fertile ground With walls and towers were girdled round:
five miles of fertile ground With walls and towers were girdled round: And
five miles of fertile ground With walls and towers were girdled round: And there
With walls and towers were girdled round: And there were
With walls and towers were girdled round: And there were gardens
and towers were girdled round: And there were gardens bright
and towers were girdled round: And there were gardens bright with
towers were girdled round: And there were gardens bright with sinuous
were girdled round: And there were gardens bright with sinuous rills,
girdled round: And there were gardens bright with sinuous rills, Where
round: And there were gardens bright with sinuous rills, Where blossomed
And there were gardens bright with sinuous rills, Where blossomed many
And there were gardens bright with sinuous rills, Where blossomed many an
were gardens bright with sinuous rills, Where blossomed many an incense-bearing
with sinuous rills, Where blossomed many an incense-bearing tree;
sinuous rills, Where blossomed many an incense-bearing tree; And
sinuous rills, Where blossomed many an incense-bearing tree; And here
rills, Where blossomed many an incense-bearing tree; And here were
Where blossomed many an incense-bearing tree; And here were forests
blossomed many an incense-bearing tree; And here were forests ancient
blossomed many an incense-bearing tree; And here were forests ancient as
blossomed many an incense-bearing tree; And here were forests ancient as the
many an incense-bearing tree; And here were forests ancient as the hills,
incense-bearing tree; And here were forests ancient as the hills, Enfolding
tree; And here were forests ancient as the hills, Enfolding sunny
tree; And here were forests ancient as the hills, Enfolding sunny spots
tree; And here were forests ancient as the hills, Enfolding sunny spots of
forests ancient as the hills, Enfolding sunny spots of greenery.
forests ancient as the hills, Enfolding sunny spots of greenery. But
ancient as the hills, Enfolding sunny spots of greenery. But oh!
ancient as the hills, Enfolding sunny spots of greenery. But oh! that
as the hills, Enfolding sunny spots of greenery. But oh! that deep
the hills, Enfolding sunny spots of greenery. But oh! that deep romantic
hills, Enfolding sunny spots of greenery. But oh! that deep romantic chasm
Enfolding sunny spots of greenery. But oh! that deep romantic chasm which
sunny spots of greenery. But oh! that deep romantic chasm which slanted
sunny spots of greenery. But oh! that deep romantic chasm which slanted Down
sunny spots of greenery. But oh! that deep romantic chasm which slanted Down the
of greenery. But oh! that deep romantic chasm which slanted Down the green
greenery. But oh! that deep romantic chasm which slanted Down the green hill
oh! that deep romantic chasm which slanted Down the green hill athwart
that deep romantic chasm which slanted Down the green hill athwart a
romantic chasm which slanted Down the green hill athwart a cedarn
romantic chasm which slanted Down the green hill athwart a cedarn cover!
romantic chasm which slanted Down the green hill athwart a cedarn cover! A
chasm which slanted Down the green hill athwart a cedarn cover! A savage
which slanted Down the green hill athwart a cedarn cover! A savage place!
slanted Down the green hill athwart a cedarn cover! A savage place! as
slanted Down the green hill athwart a cedarn cover! A savage place! as holy
Down the green hill athwart a cedarn cover! A savage place! as holy and
the green hill athwart a cedarn cover! A savage place! as holy and enchanted
the green hill athwart a cedarn cover! A savage place! as holy and enchanted As
hill athwart a cedarn cover! A savage place! as holy and enchanted As e'er
athwart a cedarn cover! A savage place! as holy and enchanted As e'er beneath
athwart a cedarn cover! A savage place! as holy and enchanted As e'er beneath a
cover! A savage place! as holy and enchanted As e'er beneath a waning
A savage place! as holy and enchanted As e'er beneath a waning moon
A savage place! as holy and enchanted As e'er beneath a waning moon was
place! as holy and enchanted As e'er beneath a waning moon was haunted
place! as holy and enchanted As e'er beneath a waning moon was haunted By
holy and enchanted As e'er beneath a waning moon was haunted By woman
and enchanted As e'er beneath a waning moon was haunted By woman wailing
enchanted As e'er beneath a waning moon was haunted By woman wailing for
enchanted As e'er beneath a waning moon was haunted By woman wailing for her
As e'er beneath a waning moon was haunted By woman wailing for her demon
As e'er beneath a waning moon was haunted By woman wailing for her demon lover!
beneath a waning moon was haunted By woman wailing for her demon lover! And
a waning moon was haunted By woman wailing for her demon lover! And from
a waning moon was haunted By woman wailing for her demon lover! And from this
was haunted By woman wailing for her demon lover! And from this chasm,
haunted By woman wailing for her demon lover! And from this chasm, with
By woman wailing for her demon lover! And from this chasm, with ceaseless
wailing for her demon lover! And from this chasm, with ceaseless turmoil
for her demon lover! And from this chasm, with ceaseless turmoil seething,
her demon lover! And from this chasm, with ceaseless turmoil seething, As
her demon lover! And from this chasm, with ceaseless turmoil seething, As if
lover! And from this chasm, with ceaseless turmoil seething, As if this
lover! And from this chasm, with ceaseless turmoil seething, As if this earth
And from this chasm, with ceaseless turmoil seething, As if this earth in
And from this chasm, with ceaseless turmoil seething, As if this earth in fast
this chasm, with ceaseless turmoil seething, As if this earth in fast thick
chasm, with ceaseless turmoil seething, As if this earth in fast thick pants
ceaseless turmoil seething, As if this earth in fast thick pants were
turmoil seething, As if this earth in fast thick pants were breathing,
turmoil seething, As if this earth in fast thick pants were breathing, A
seething, As if this earth in fast thick pants were breathing, A mighty
As if this earth in fast thick pants were breathing, A mighty fountain
if this earth in fast thick pants were breathing, A mighty fountain momently
earth in fast thick pants were breathing, A mighty fountain momently was
in fast thick pants were breathing, A mighty fountain momently was forced:
fast thick pants were breathing, A mighty fountain momently was forced: Amid
thick pants were breathing, A mighty fountain momently was forced: Amid whose
pants were breathing, A mighty fountain momently was forced: Amid whose swift
A mighty fountain momently was forced: Amid whose swift half-intermitted
fountain momently was forced: Amid whose swift half-intermitted burst
fountain momently was forced: Amid whose swift half-intermitted burst Huge
momently was forced: Amid whose swift half-intermitted burst Huge fragments
was forced: Amid whose swift half-intermitted burst Huge fragments vaulted
forced: Amid whose swift half-intermitted burst Huge fragments vaulted like
whose swift half-intermitted burst Huge fragments vaulted like rebounding
swift half-intermitted burst Huge fragments vaulted like rebounding hail,
swift half-intermitted burst Huge fragments vaulted like rebounding hail, Or
half-intermitted burst Huge fragments vaulted like rebounding hail, Or chafly
burst Huge fragments vaulted like rebounding hail, Or chafly grain
burst Huge fragments vaulted like rebounding hail, Or chafly grain beneath
Huge fragments vaulted like rebounding hail, Or chafly grain beneath the
vaulted like rebounding hail, Or chafly grain beneath the thresher's
vaulted like rebounding hail, Or chafly grain beneath the thresher's flail:
like rebounding hail, Or chafly grain beneath the thresher's flail: And
like rebounding hail, Or chafly grain beneath the thresher's flail: And `mid
rebounding hail, Or chafly grain beneath the thresher's flail: And `mid these
hail, Or chafly grain beneath the thresher's flail: And `mid these dancing
Or chafly grain beneath the thresher's flail: And `mid these dancing rocks
chafly grain beneath the thresher's flail: And `mid these dancing rocks at
chafly grain beneath the thresher's flail: And `mid these dancing rocks at once
grain beneath the thresher's flail: And `mid these dancing rocks at once and
the thresher's flail: And `mid these dancing rocks at once and ever
the thresher's flail: And `mid these dancing rocks at once and ever It
thresher's flail: And `mid these dancing rocks at once and ever It flung
thresher's flail: And `mid these dancing rocks at once and ever It flung up
flail: And `mid these dancing rocks at once and ever It flung up momently
And `mid these dancing rocks at once and ever It flung up momently the
`mid these dancing rocks at once and ever It flung up momently the sacred
these dancing rocks at once and ever It flung up momently the sacred river.
dancing rocks at once and ever It flung up momently the sacred river. Five
rocks at once and ever It flung up momently the sacred river. Five miles
once and ever It flung up momently the sacred river. Five miles meandering
once and ever It flung up momently the sacred river. Five miles meandering with
and ever It flung up momently the sacred river. Five miles meandering with a
ever It flung up momently the sacred river. Five miles meandering with a mazy
up momently the sacred river. Five miles meandering with a mazy motion
momently the sacred river. Five miles meandering with a mazy motion Through
the sacred river. Five miles meandering with a mazy motion Through wood
sacred river. Five miles meandering with a mazy motion Through wood and
river. Five miles meandering with a mazy motion Through wood and dale
river. Five miles meandering with a mazy motion Through wood and dale the
Five miles meandering with a mazy motion Through wood and dale the sacred
miles meandering with a mazy motion Through wood and dale the sacred river
meandering with a mazy motion Through wood and dale the sacred river ran,
meandering with a mazy motion Through wood and dale the sacred river ran, Then
with a mazy motion Through wood and dale the sacred river ran, Then reached
with a mazy motion Through wood and dale the sacred river ran, Then reached the
motion Through wood and dale the sacred river ran, Then reached the caverns
wood and dale the sacred river ran, Then reached the caverns measureless
and dale the sacred river ran, Then reached the caverns measureless to
dale the sacred river ran, Then reached the caverns measureless to man,
dale the sacred river ran, Then reached the caverns measureless to man, And
sacred river ran, Then reached the caverns measureless to man, And sank
sacred river ran, Then reached the caverns measureless to man, And sank in
river ran, Then reached the caverns measureless to man, And sank in tumult
river ran, Then reached the caverns measureless to man, And sank in tumult to
ran, Then reached the caverns measureless to man, And sank in tumult to a
Then reached the caverns measureless to man, And sank in tumult to a lifeless
the caverns measureless to man, And sank in tumult to a lifeless ocean:
the caverns measureless to man, And sank in tumult to a lifeless ocean: And
caverns measureless to man, And sank in tumult to a lifeless ocean: And `mid
measureless to man, And sank in tumult to a lifeless ocean: And `mid this
measureless to man, And sank in tumult to a lifeless ocean: And `mid this tumult
to man, And sank in tumult to a lifeless ocean: And `mid this tumult KubIa
And sank in tumult to a lifeless ocean: And `mid this tumult KubIa heard
sank in tumult to a lifeless ocean: And `mid this tumult KubIa heard from
in tumult to a lifeless ocean: And `mid this tumult KubIa heard from far
to a lifeless ocean: And `mid this tumult KubIa heard from far Ancestral
lifeless ocean: And `mid this tumult KubIa heard from far Ancestral voices
ocean: And `mid this tumult KubIa heard from far Ancestral voices prophesying
And `mid this tumult KubIa heard from far Ancestral voices prophesying war!
`mid this tumult KubIa heard from far Ancestral voices prophesying war! The
this tumult KubIa heard from far Ancestral voices prophesying war! The shadow
tumult KubIa heard from far Ancestral voices prophesying war! The shadow of
tumult KubIa heard from far Ancestral voices prophesying war! The shadow of the
KubIa heard from far Ancestral voices prophesying war! The shadow of the dome
KubIa heard from far Ancestral voices prophesying war! The shadow of the dome of
far Ancestral voices prophesying war! The shadow of the dome of pleasure
Ancestral voices prophesying war! The shadow of the dome of pleasure Floated
voices prophesying war! The shadow of the dome of pleasure Floated midway
voices prophesying war! The shadow of the dome of pleasure Floated midway on
prophesying war! The shadow of the dome of pleasure Floated midway on the
prophesying war! The shadow of the dome of pleasure Floated midway on the waves;
war! The shadow of the dome of pleasure Floated midway on the waves; Where
The shadow of the dome of pleasure Floated midway on the waves; Where was
shadow of the dome of pleasure Floated midway on the waves; Where was heard
shadow of the dome of pleasure Floated midway on the waves; Where was heard the
the dome of pleasure Floated midway on the waves; Where was heard the mingled
of pleasure Floated midway on the waves; Where was heard the mingled measure
pleasure Floated midway on the waves; Where was heard the mingled measure From
Floated midway on the waves; Where was heard the mingled measure From the
midway on the waves; Where was heard the mingled measure From the fountain
on the waves; Where was heard the mingled measure From the fountain and
on the waves; Where was heard the mingled measure From the fountain and the
waves; Where was heard the mingled measure From the fountain and the caves.
waves; Where was heard the mingled measure From the fountain and the caves. It
Where was heard the mingled measure From the fountain and the caves. It was
was heard the mingled measure From the fountain and the caves. It was a
heard the mingled measure From the fountain and the caves. It was a miracle
the mingled measure From the fountain and the caves. It was a miracle of
the mingled measure From the fountain and the caves. It was a miracle of rare
measure From the fountain and the caves. It was a miracle of rare device,
measure From the fountain and the caves. It was a miracle of rare device, A
From the fountain and the caves. It was a miracle of rare device, A sunny
the fountain and the caves. It was a miracle of rare device, A sunny pleasure
and the caves. It was a miracle of rare device, A sunny pleasure dome
and the caves. It was a miracle of rare device, A sunny pleasure dome with
caves. It was a miracle of rare device, A sunny pleasure dome with caves
caves. It was a miracle of rare device, A sunny pleasure dome with caves of
It was a miracle of rare device, A sunny pleasure dome with caves of ice!
It was a miracle of rare device, A sunny pleasure dome with caves of ice! A
a miracle of rare device, A sunny pleasure dome with caves of ice! A damsel
miracle of rare device, A sunny pleasure dome with caves of ice! A damsel with
of rare device, A sunny pleasure dome with caves of ice! A damsel with a
device, A sunny pleasure dome with caves of ice! A damsel with a dulcimer
device, A sunny pleasure dome with caves of ice! A damsel with a dulcimer In
device, A sunny pleasure dome with caves of ice! A damsel with a dulcimer In a
sunny pleasure dome with caves of ice! A damsel with a dulcimer In a vision
sunny pleasure dome with caves of ice! A damsel with a dulcimer In a vision once
pleasure dome with caves of ice! A damsel with a dulcimer In a vision once I
dome with caves of ice! A damsel with a dulcimer In a vision once I saw:
dome with caves of ice! A damsel with a dulcimer In a vision once I saw: It
dome with caves of ice! A damsel with a dulcimer In a vision once I saw: It was
caves of ice! A damsel with a dulcimer In a vision once I saw: It was an
ice! A damsel with a dulcimer In a vision once I saw: It was an Abyssinian
A damsel with a dulcimer In a vision once I saw: It was an Abyssinian maid,
damsel with a dulcimer In a vision once I saw: It was an Abyssinian maid, And
damsel with a dulcimer In a vision once I saw: It was an Abyssinian maid, And on
with a dulcimer In a vision once I saw: It was an Abyssinian maid, And on her
In a vision once I saw: It was an Abyssinian maid, And on her dulcimer
In a vision once I saw: It was an Abyssinian maid, And on her dulcimer she
vision once I saw: It was an Abyssinian maid, And on her dulcimer she played,
once I saw: It was an Abyssinian maid, And on her dulcimer she played, Singing
I saw: It was an Abyssinian maid, And on her dulcimer she played, Singing of
saw: It was an Abyssinian maid, And on her dulcimer she played, Singing of Mount
was an Abyssinian maid, And on her dulcimer she played, Singing of Mount Abora.
Abyssinian maid, And on her dulcimer she played, Singing of Mount Abora. Could
maid, And on her dulcimer she played, Singing of Mount Abora. Could I
maid, And on her dulcimer she played, Singing of Mount Abora. Could I revive
And on her dulcimer she played, Singing of Mount Abora. Could I revive within
on her dulcimer she played, Singing of Mount Abora. Could I revive within me
on her dulcimer she played, Singing of Mount Abora. Could I revive within me Her
she played, Singing of Mount Abora. Could I revive within me Her symphony
played, Singing of Mount Abora. Could I revive within me Her symphony and
played, Singing of Mount Abora. Could I revive within me Her symphony and song,
Singing of Mount Abora. Could I revive within me Her symphony and song, To
Singing of Mount Abora. Could I revive within me Her symphony and song, To such
of Mount Abora. Could I revive within me Her symphony and song, To such a
of Mount Abora. Could I revive within me Her symphony and song, To such a deep
Abora. Could I revive within me Her symphony and song, To such a deep delight
Could I revive within me Her symphony and song, To such a deep delight `twould
revive within me Her symphony and song, To such a deep delight `twould win
within me Her symphony and song, To such a deep delight `twould win me,
within me Her symphony and song, To such a deep delight `twould win me, That
me Her symphony and song, To such a deep delight `twould win me, That with
Her symphony and song, To such a deep delight `twould win me, That with music
symphony and song, To such a deep delight `twould win me, That with music loud
and song, To such a deep delight `twould win me, That with music loud and
song, To such a deep delight `twould win me, That with music loud and long,
song, To such a deep delight `twould win me, That with music loud and long, I
such a deep delight `twould win me, That with music loud and long, I would
a deep delight `twould win me, That with music loud and long, I would build
deep delight `twould win me, That with music loud and long, I would build that
delight `twould win me, That with music loud and long, I would build that dome
`twould win me, That with music loud and long, I would build that dome in
`twould win me, That with music loud and long, I would build that dome in air,
win me, That with music loud and long, I would build that dome in air, That
That with music loud and long, I would build that dome in air, That sunny
with music loud and long, I would build that dome in air, That sunny dome!
music loud and long, I would build that dome in air, That sunny dome! those
loud and long, I would build that dome in air, That sunny dome! those caves
loud and long, I would build that dome in air, That sunny dome! those caves of
long, I would build that dome in air, That sunny dome! those caves of ice!
I would build that dome in air, That sunny dome! those caves of ice! And
I would build that dome in air, That sunny dome! those caves of ice! And all
would build that dome in air, That sunny dome! those caves of ice! And all who
build that dome in air, That sunny dome! those caves of ice! And all who heard
dome in air, That sunny dome! those caves of ice! And all who heard should
dome in air, That sunny dome! those caves of ice! And all who heard should see
in air, That sunny dome! those caves of ice! And all who heard should see them
That sunny dome! those caves of ice! And all who heard should see them there,
sunny dome! those caves of ice! And all who heard should see them there, And
sunny dome! those caves of ice! And all who heard should see them there, And all
those caves of ice! And all who heard should see them there, And all should
caves of ice! And all who heard should see them there, And all should cry,
of ice! And all who heard should see them there, And all should cry, Beware!
all who heard should see them there, And all should cry, Beware! Beware!
all who heard should see them there, And all should cry, Beware! Beware! His
heard should see them there, And all should cry, Beware! Beware! His flashing
should see them there, And all should cry, Beware! Beware! His flashing eyes,
see them there, And all should cry, Beware! Beware! His flashing eyes, his
there, And all should cry, Beware! Beware! His flashing eyes, his floating
there, And all should cry, Beware! Beware! His flashing eyes, his floating hair!
all should cry, Beware! Beware! His flashing eyes, his floating hair! Weave
all should cry, Beware! Beware! His flashing eyes, his floating hair! Weave a
should cry, Beware! Beware! His flashing eyes, his floating hair! Weave a circle
Beware! Beware! His flashing eyes, his floating hair! Weave a circle round
Beware! Beware! His flashing eyes, his floating hair! Weave a circle round him
Beware! His flashing eyes, his floating hair! Weave a circle round him thrice,
His flashing eyes, his floating hair! Weave a circle round him thrice, And
flashing eyes, his floating hair! Weave a circle round him thrice, And close
eyes, his floating hair! Weave a circle round him thrice, And close your
eyes, his floating hair! Weave a circle round him thrice, And close your eyes
his floating hair! Weave a circle round him thrice, And close your eyes with
floating hair! Weave a circle round him thrice